<?xml version="1.0" encoding="UTF-8"?>
<!-- Generated by org.testng.reporters.JUnitReportReporter -->
<testsuite skipped="0" hostname="Adhvith" name="tests.Test1" tests="1" failures="0" timestamp="2023-08-07T15:26:21 IST" time="0.018" errors="0">
  <testcase name="method" time="0.018" classname="tests.Test1"/>
  <system-out/>
</testsuite> <!-- tests.Test1 -->
